0 info it worked if it ends with ok
1 verbose cli [ '/usr/local/Cellar/node/0.10.1/bin/node',
1 verbose cli   '/usr/local/bin/npm',
1 verbose cli   'start' ]
2 info using npm@1.2.15
3 info using node@v0.10.1
4 verbose read json /Users/th3james/dev/js/DasBoard/package.json
5 verbose run-script [ 'prestart', 'start', 'poststart' ]
6 info prestart DasBoard@0.0.0
7 info start DasBoard@0.0.0
8 verbose unsafe-perm in lifecycle true
9 silly exec sh "-c" "coffee app.coffee"
10 silly sh,-c,coffee app.coffee,/Users/th3james/dev/js/DasBoard spawning
11 info DasBoard@0.0.0 Failed to exec start script
12 error DasBoard@0.0.0 start: `coffee app.coffee`
12 error `sh "-c" "coffee app.coffee"` failed with 1
13 error Failed at the DasBoard@0.0.0 start script.
13 error This is most likely a problem with the DasBoard package,
13 error not with npm itself.
13 error Tell the author that this fails on your system:
13 error     coffee app.coffee
13 error You can get their info via:
13 error     npm owner ls DasBoard
13 error There is likely additional logging output above.
14 error System Darwin 13.0.0
15 error command "/usr/local/Cellar/node/0.10.1/bin/node" "/usr/local/bin/npm" "start"
16 error cwd /Users/th3james/dev/js/DasBoard
17 error node -v v0.10.1
18 error npm -v 1.2.15
19 error code ELIFECYCLE
20 verbose exit [ 1, true ]
